quest	Tiny brick house nahe Münster  Tangela Quest
quest	Tangelaquest seepark betzenhauser torplatz oder personen-sonnenuhr
quest	Larvitar quest pokestop: the bird and the cloud sky (Hauptfriedhof Mitte links )
quest	Tangela quest pokestop:gedenk Brunnen(Hauptfriedhof rechts mittig)
quest	Der quest am Loop heißt Wandbild mit Kirche oder so
quest	Bin mit der Straßenbahn vorbeigefahren. Irgendeine oben an der Linie dann. Evtl oberlinden?
quest	wo genau?
quest	Warum auch immer diese quest hier noch nicht drin steht, am loop ist ne tangela quest.
quest	Chaney quest stop:rottecksruhe(zwischen altem Friedhof und Landratsamt
quest	3x Great Curveball = 1x 🍬 Evangelische Kreuzkirche am Eschholzpark
quest	im Park gibts daneben noch 500 Staub für einen fabelhaften Wurf am brunnen im Colombipark
quest	Tangelaquest Brunnen vorm colombi
quest	Tangelaquest im Rieselfeld Little Stonehenge
quest	3 großartige in folge, 1 candy beim  Adler 1913 an der tf nähe j&t
quest	tangelaquest beim pressehaus
quest	3 großartig in Folge 1 Candy beim Stolperstein beim Chemie Hochhaus
quest	Tulpen(Stop bei Müller am BB) - > Tangela
quest	1000 Sternstaub für "Gewinne 3 Arenakämpfe"/Stolpersteine Abraham und Grumbacher " Eisenbahn Str.
quest	Larvitar quest beim EKZ Weingarten (einer dee drei Spots bei der Apotheke/Spielothek
quest	Stadttheater, neben der Polizei, Tangelaquest (ka wie der stop heißt, da es ewig braucht zum laden) edit: gegenüber vom c&a
quest	Platz der alten Synagoge am stop rotteck: Catch a ditto für 3 rare candies
quest	Die hoffnung ist blau (neben friedhof littenweiler) -> tangela quest
quest	Tangelaqiest beim Spot Chang Tai (Nähe Bertoldsbrunnen)
quest	Tangelaquest am Brunnen Schwabentorring
quest	Tangelaquest am Stop hinterm Karstadt Richtung Münsterplatz
quest	3x großartige curvedbälle  = 1 candy. | Rieselfeld - Volleyball Platz im skatepark nahe Arena Pavillon.
quest	Freiburg Golden Statue (Münster) Tornuopto Quest
quest	Der Mars (Stop hinter dem Strandbad)   ->Tangela
quest	Tangela beim Stop Rocket (Nähe Arena Schnewlindrache)
quest	3 großartig in Folge 1 Candy beim Asiaten beim Hauptbahnhof
quest	Storchenpaar Uniklinik, brüte 5 Eier aus
quest	Brüte 5 Eier, "mach Mal Pause" Freiburg, Tullastrasse, gegenüber Badenova
quest	Aliensäule Tangela Quest (Wiehre neben Omas Küche)
quest	seepark gegend, p-stop "300" ca hier  <https://goo.gl/maps/7cRzQ9iBnXv>
quest	Brezellöwen Freiburg (Sedenstrasse) ist Tangela quest
quest	Haslach Kirche Tangela Quest
quest	3 Myra/knofensa  quest - Zwischen Holzmarkt und Brücke .. hab vergessen wie der stop genau heißt .. irgendwas mit "Brunnen" ^^
quest	Natur Schutz Gebiet rieselfeld ist Channera quest
quest	Bei Kinderstatuen
quest	7 Lade Attacken für candy Uniklinik synchron spirals
quest	3 Myra/knofensa  quest direkt am Rosengarten
quest	2 Raids gewinnen> Igelavar, Stop "Betzenhauser Wappen"
quest	3 Myra/knofensa  quest, stop "krozinger straße"
quest	Tangela Quest, beim Stop vor dem Beat Man
quest	Friedhof Eingang Erhaltenswertes Grabmal 5 Eier brüten
quest	stop “Mooswaldbrunnen“ (Elsässer Straße) *CHANEIRA*
quest	Bushaltestelle Siegesdenkmal - Quest hatch one Egg - owei Encounter
quest	stgeorgen berg tangela
quest	R2D2 cinemaxx 3x fabelhaft in Folge (onyx oder larvitar)
quest	tangela kindergalaxy
quest	Tangela, PS Pyramiden-seil-spielplatz bei Real Zähringen
quest	Der stop direkt hinter der Arena Partnerschaft/Säulen am Ortseingang von Gufi: Tangela
quest	vauban steinofen tangela
quest	Adler (TF) 3x brüten / 1 candy
quest	hfh tangela
quest	Stop Geologisches Profil (Seepark) / Tangela
quest	Panorama neben Holzenten 3x Grossartig / 1 candy
quest	tangela quest an Bloch Stolperstein (gegenüber Borso bei unibib)
quest	Tangela Quest an Aphrodite beim Martinstor
quest	Emil Gott Schule zähringen, tangela quest
quest	<@333289485456375809> nicht nur top-encounter sondern auch rare 🍬 gerne hier posten. danke <@414420453310988288> alles richtig gemacht 😊
quest	Stop "weißer drache" am betzenhauser torplatz (seepark) gibt tangela encounter.
quest	post jahn 2 (beim sc stadion) - tangela quest
quest	Sonnenuhr und Uhr an „the machine“ gibt 500 staub 🤓 für 5 mal kämpfen in arena
quest	Aristoteles  Stop bei unibib gibt Candy Reward (3 great Curveballs für 1x Candy)
quest	Tangela quest, stop königliches entree neben Bertoldsbrunnen
quest	Spot Bärchen23 (neben Arena Löwenbrauerei) fange einen Drachentyp für 3 Sondercandies
quest	Towers am hbf —> Lande 3 exzellente hintereinander
quest	Haltestelle Eschholzstraße, 3 großartige Curveballwürfe hintereinander --> 3 Sonderbonbons
quest	Jos Fritz Stop gibt Candy Reward (3 great Curveballs für 1x Candy)
quest	3 Sondercandies für ein Dragon Type am Bertholdsbrunnen, Stop: Königliches Entree
quest	candy reward am hbf stop ggüber haupteingang
quest	Emmendinger Innenstadt, Tangela reward am Stop "Steinbrunnen"
quest	Chaneira Quest, Emmendinger Bahnhof Stop "the Key"
quest	Stop am Loop da wo mal der Döner war Tangela Quest
quest	01.04. // Solare energiesysteme (neben arena weisser storch) *Tangela*
